<?xml version="1.0" encoding="UTF-8"?>
<!-- Generated by org.testng.reporters.JUnitXMLReporter -->
<testsuite ignored="0" hostname="hp-PC" failures="0" tests="3" name="Test-Runner_Firefox" time="0.654" errors="0" timestamp="2021-08-24T18:11:42 IST">
  <testcase classname="PomTest.BaseClasspage" name="@BeforeClass configBC" time="0.349">
    <failure type="java.lang.IllegalStateException" message="The path to the driver executable must be set by the webdriver.gecko.driver system property; for more information, see https://github.com/mozilla/geckodriver. The latest version can be downloaded from https://github.com/mozilla/geckodriver/releases">
      <![CDATA[java.lang.IllegalStateException: The path to the driver executable must be set by the webdriver.gecko.driver system property; for more information, see https://github.com/mozilla/geckodriver. The latest version can be downloaded from https://github.com/mozilla/geckodriver/releases
at com.google.common.base.Preconditions.checkState(Preconditions.java:847)
at org.openqa.selenium.remote.service.DriverService.findExecutable(DriverService.java:134)
at org.openqa.selenium.firefox.GeckoDriverService.access$100(GeckoDriverService.java:44)
at org.openqa.selenium.firefox.GeckoDriverService$Builder.findDefaultExecutable(GeckoDriverService.java:167)
at org.openqa.selenium.remote.service.DriverService$Builder.build(DriverService.java:355)
at org.openqa.selenium.firefox.FirefoxDriver.toExecutor(FirefoxDriver.java:190)
at org.openqa.selenium.firefox.FirefoxDriver.<init>(FirefoxDriver.java:147)
at org.openqa.selenium.firefox.FirefoxDriver.<init>(FirefoxDriver.java:125)
at PomTest.BaseClasspage.configBC(BaseClasspage.java:57)
at java.base/java.util.ArrayList.forEach(ArrayList.java:1511)
at java.base/java.util.concurrent.FutureTask.run(FutureTask.java:264)
at java.base/java.util.concurrent.ThreadPoolExecutor.runWorker(ThreadPoolExecutor.java:1130)
at java.base/java.util.concurrent.ThreadPoolExecutor$Worker.run(ThreadPoolExecutor.java:630)
at java.base/java.lang.Thread.run(Thread.java:832)
... Removed 16 stack frames]]>
    </failure>
  </testcase> <!-- @BeforeClass configBC -->
  <testcase classname="PomTest.BaseClasspage" name="@BeforeMethod comfigBM" time="-1.629808902474E9">
    <skipped/>
  </testcase> <!-- @BeforeMethod comfigBM -->
  <testcase classname="PomTest.BaseClasspage" name="@AfterMethod configAM" time="-1.62980890255E9">
    <skipped/>
  </testcase> <!-- @AfterMethod configAM -->
  <testcase classname="PomTest.BaseClasspage" name="@BeforeMethod comfigBM" time="-1.629808902563E9">
    <skipped/>
  </testcase> <!-- @BeforeMethod comfigBM -->
  <testcase classname="PomTest.BaseClasspage" name="@AfterMethod configAM" time="-1.629808902594E9">
    <skipped/>
  </testcase> <!-- @AfterMethod configAM -->
  <testcase classname="PomTest.BaseClasspage" name="@BeforeMethod comfigBM" time="-1.629808902598E9">
    <skipped/>
  </testcase> <!-- @BeforeMethod comfigBM -->
  <testcase classname="PomTest.BaseClasspage" name="@AfterMethod configAM" time="-1.629808902618E9">
    <skipped/>
  </testcase> <!-- @AfterMethod configAM -->
  <testcase classname="PomTest.BaseClasspage" name="@AfterClass configAc" time="-1.629808902685E9">
    <skipped/>
  </testcase> <!-- @AfterClass configAc -->
  <testcase classname="ExecutePomTest.PracticeBeforeclass" name="Cratetypetest" time="0.0">
    <skipped/>
  </testcase> <!-- Cratetypetest -->
  <testcase classname="ExecutePomTest.PracticeBeforeclass" name="createTypeVerify" time="0.0">
    <skipped/>
  </testcase> <!-- createTypeVerify -->
  <testcase classname="ExecutePomTest.PracticeBeforeclass" name="createmembrertest" time="0.0">
    <skipped/>
  </testcase> <!-- createmembrertest -->
</testsuite> <!-- Test-Runner_Firefox -->
